<?xml version="1.0" encoding="UTF-8"?>
<!-- Generated by org.testng.reporters.JUnitReportReporter -->
<testsuite hostname="qdv06dlp01001" name="org.fundacionjala.automation.admin.tests.resource.UnassignedResourceOfRoom" tests="1" failures="0" timestamp="19 Apr 2016 19:15:31 GMT" time="57.130" errors="0">
  <testcase name="VerifyLocationNameEdited" time="57.130" classname="org.fundacionjala.automation.admin.tests.resource.UnassignedResourceOfRoom"/>
</testsuite> <!-- org.fundacionjala.automation.admin.tests.resource.UnassignedResourceOfRoom -->
