<?xml version="1.0" encoding="UTF-8"?>
<!-- Generated by org.testng.reporters.JUnitReportReporter -->
<testsuite hostname="qdv06dlp01001" name="org.fundacionjala.automation.tablet.tests.login.SignIn" tests="1" failures="0" timestamp="19 Apr 2016 00:30:56 GMT" time="7.045" errors="0">
  <testcase name="VerifyLoginRoomManager" time="7.045" classname="org.fundacionjala.automation.tablet.tests.login.SignIn"/>
</testsuite> <!-- org.fundacionjala.automation.tablet.tests.login.SignIn -->
