<?xml version="1.0" encoding="UTF-8"?>
<!-- Generated by org.testng.reporters.JUnitReportReporter -->
<testsuite hostname="qdv06dlp01001" name="org.fundacionjala.automation.admin.tests.room.EditRoomCapacity" tests="1" failures="0" timestamp="19 Apr 2016 18:28:37 GMT" time="9.126" errors="0">
  <testcase name="VerifyLocationNameEdited" time="9.126" classname="org.fundacionjala.automation.admin.tests.room.EditRoomCapacity"/>
</testsuite> <!-- org.fundacionjala.automation.admin.tests.room.EditRoomCapacity -->
