<?xml version="1.0" encoding="UTF-8"?>
<!-- Generated by org.testng.reporters.JUnitReportReporter -->
<testsuite hostname="qdv06dlp01001" name="org.fundacionjala.automation.admin.tests.room.EnabledRoom" tests="1" failures="0" timestamp="19 Apr 2016 18:28:37 GMT" time="7.726" errors="0">
  <testcase name="VerifyEnabledRoom" time="7.726" classname="org.fundacionjala.automation.admin.tests.room.EnabledRoom"/>
</testsuite> <!-- org.fundacionjala.automation.admin.tests.room.EnabledRoom -->
