<?xml version="1.0" encoding="UTF-8"?>
<!-- Generated by org.testng.reporters.JUnitReportReporter -->
<testsuite hostname="qdv06dlp01001" name="org.fundacionjala.automation.admin.tests.location.EditLocationName" tests="1" failures="0" timestamp="19 Apr 2016 19:37:02 GMT" time="19.455" errors="0">
  <testcase name="VerifyLocationNameEdited" time="19.455" classname="org.fundacionjala.automation.admin.tests.location.EditLocationName"/>
</testsuite> <!-- org.fundacionjala.automation.admin.tests.location.EditLocationName -->
