<?xml version="1.0" encoding="UTF-8"?>
<!-- Generated by org.testng.reporters.JUnitReportReporter -->
<testsuite hostname="qdv06dlp01001" name="com.mycompany.app.AppTest" tests="1" failures="0" timestamp="8 Apr 2016 13:00:03 GMT" time="0.000" errors="0">
  <testcase name="testApp" time="0.000" classname="com.mycompany.app.AppTest"/>
</testsuite> <!-- com.mycompany.app.AppTest -->
