<?xml version="1.0" encoding="UTF-8"?>
<!-- Generated by org.testng.reporters.JUnitReportReporter -->
<testsuite hostname="qdv06dlp01001" name="com.mycompany.app.LocationTestCase" tests="1" failures="0" timestamp="8 Apr 2016 13:28:05 GMT" time="9.719" errors="0">
  <testcase name="CreateNewLocation" time="9.719" classname="com.mycompany.app.LocationTestCase"/>
</testsuite> <!-- com.mycompany.app.LocationTestCase -->
