<?xml version="1.0" encoding="UTF-8"?>
<!-- Generated by org.testng.reporters.JUnitReportReporter -->
<testsuite hostname="qdv06dlp01001" name="com.mycompany.app.LoginTestCase" tests="1" failures="0" timestamp="8 Apr 2016 13:00:03 GMT" time="16.073" errors="0">
  <testcase name="VerifyLoginRoomManager" time="16.073" classname="com.mycompany.app.LoginTestCase"/>
</testsuite> <!-- com.mycompany.app.LoginTestCase -->
