<?xml version="1.0" encoding="UTF-8"?>
<!-- Generated by org.testng.reporters.JUnitReportReporter -->
<testsuite hostname="qdv06dlp01001" name="com.mycompany.app.NewTest" tests="1" failures="0" timestamp="7 Apr 2016 22:51:14 GMT" time="20.859" errors="0">
  <testcase name="firstTest" time="20.859" classname="com.mycompany.app.NewTest"/>
</testsuite> <!-- com.mycompany.app.NewTest -->
