<?xml version="1.0" encoding="UTF-8"?>
<!-- Generated by org.testng.reporters.JUnitReportReporter -->
<testsuite hostname="qdv06dlp01001" name="com.mycompany.app.CreateNewLocation" tests="1" failures="0" timestamp="8 Apr 2016 12:47:01 GMT" time="11.482" errors="0">
  <testcase name="VerifyCreateNewLocation" time="11.482" classname="com.mycompany.app.CreateNewLocation"/>
</testsuite> <!-- com.mycompany.app.CreateNewLocation -->
